<?xml version="1.0" encoding="UTF-8" ?>
<testsuites name="vitest tests" tests="68" failures="0" errors="0" time="9.8590835">
    <testsuite name="src/app/app.spec.ts" timestamp="2026-07-02T12:03:07.192Z" hostname="JohnCh-Lenovo" tests="2" failures="0" errors="0" skipped="0" time="0.02855">
        <testcase classname="src/app/app.spec.ts" name="App &gt; should create the app" time="0.0072206">
        </testcase>
        <testcase classname="src/app/app.spec.ts" name="App &gt; should render router outlet" time="0.0211678">
        </testcase>
    </testsuite>
    <testsuite name="src/app/features/home/home-component.spec.ts" timestamp="2026-07-02T12:03:07.194Z" hostname="JohnCh-Lenovo" tests="1" failures="0" errors="0" skipped="0" time="0.1707025">
        <testcase classname="src/app/features/home/home-component.spec.ts" name="HomeComponent &gt; should create" time="0.1705243">
        </testcase>
    </testsuite>
    <testsuite name="src/app/core/guards/auth.guard.spec.ts" timestamp="2026-07-02T12:03:07.195Z" hostname="JohnCh-Lenovo" tests="8" failures="0" errors="0" skipped="0" time="0.0342509">
        <testcase classname="src/app/core/guards/auth.guard.spec.ts" name="authGuard - Route Protection &gt; Authentication Check &gt; should allow access when user is logged in" time="0.0052242">
        </testcase>
        <testcase classname="src/app/core/guards/auth.guard.spec.ts" name="authGuard - Route Protection &gt; Authentication Check &gt; should redirect to login when user is not logged in" time="0.0051049">
        </testcase>
        <testcase classname="src/app/core/guards/auth.guard.spec.ts" name="authGuard - Route Protection &gt; Authorization Check (RBAC) &gt; should allow access when user has required permission" time="0.002961">
        </testcase>
        <testcase classname="src/app/core/guards/auth.guard.spec.ts" name="authGuard - Route Protection &gt; Authorization Check (RBAC) &gt; should deny access when user lacks required permission" time="0.0026755">
        </testcase>
        <testcase classname="src/app/core/guards/auth.guard.spec.ts" name="authGuard - Route Protection &gt; Authorization Check (RBAC) &gt; should allow access when no opcionId is required" time="0.0025047">
        </testcase>
        <testcase classname="src/app/core/guards/auth.guard.spec.ts" name="authGuard - Route Protection &gt; Authorization Check (RBAC) &gt; should handle multiple permissions correctly" time="0.0074445">
        </testcase>
        <testcase classname="src/app/core/guards/auth.guard.spec.ts" name="authGuard - Route Protection &gt; Edge Cases &gt; should handle empty route data" time="0.0031613">
        </testcase>
        <testcase classname="src/app/core/guards/auth.guard.spec.ts" name="authGuard - Route Protection &gt; Edge Cases &gt; should reject when auth service throws" time="0.0043902">
        </testcase>
    </testsuite>
    <testsuite name="src/app/core/interceptors/auth-interceptor.spec.ts" timestamp="2026-07-02T12:03:07.198Z" hostname="JohnCh-Lenovo" tests="9" failures="0" errors="0" skipped="0" time="0.0362647">
        <testcase classname="src/app/core/interceptors/auth-interceptor.spec.ts" name="authInterceptor - Token Security &gt; should be created" time="0.0038799">
        </testcase>
        <testcase classname="src/app/core/interceptors/auth-interceptor.spec.ts" name="authInterceptor - Token Security &gt; Token Injection &gt; should attach Bearer token to non-public requests" time="0.0060639">
        </testcase>
        <testcase classname="src/app/core/interceptors/auth-interceptor.spec.ts" name="authInterceptor - Token Security &gt; Token Injection &gt; should not attach token to auth endpoint" time="0.0026728">
        </testcase>
        <testcase classname="src/app/core/interceptors/auth-interceptor.spec.ts" name="authInterceptor - Token Security &gt; Token Injection &gt; should not attach token to public API paths" time="0.0019973">
        </testcase>
        <testcase classname="src/app/core/interceptors/auth-interceptor.spec.ts" name="authInterceptor - Token Security &gt; Token Injection &gt; should not attach token when no token is stored" time="0.0034555">
        </testcase>
        <testcase classname="src/app/core/interceptors/auth-interceptor.spec.ts" name="authInterceptor - Token Security &gt; Error Handling &gt; should call logout on 401 response" time="0.0028895">
        </testcase>
        <testcase classname="src/app/core/interceptors/auth-interceptor.spec.ts" name="authInterceptor - Token Security &gt; Error Handling &gt; should not call logout on non-401 errors" time="0.0073418">
        </testcase>
        <testcase classname="src/app/core/interceptors/auth-interceptor.spec.ts" name="authInterceptor - Token Security &gt; Security: Token Header Format &gt; should format Bearer token correctly" time="0.0022899">
        </testcase>
        <testcase classname="src/app/core/interceptors/auth-interceptor.spec.ts" name="authInterceptor - Token Security &gt; Security: Token Header Format &gt; should not expose token in URL" time="0.0051015">
        </testcase>
    </testsuite>
    <testsuite name="src/app/core/services/auth-service.spec.ts" timestamp="2026-07-02T12:03:07.201Z" hostname="JohnCh-Lenovo" tests="1" failures="0" errors="0" skipped="0" time="0.0035557">
        <testcase classname="src/app/core/services/auth-service.spec.ts" name="AuthService &gt; should be created" time="0.00345">
        </testcase>
    </testsuite>
    <testsuite name="src/app/core/services/categoria-service.spec.ts" timestamp="2026-07-02T12:03:07.202Z" hostname="JohnCh-Lenovo" tests="1" failures="0" errors="0" skipped="0" time="0.0040836">
        <testcase classname="src/app/core/services/categoria-service.spec.ts" name="CategoriaService &gt; should be created" time="0.0037533">
        </testcase>
    </testsuite>
    <testsuite name="src/app/core/services/clientes-service.spec.ts" timestamp="2026-07-02T12:03:07.202Z" hostname="JohnCh-Lenovo" tests="1" failures="0" errors="0" skipped="0" time="0.0023393">
        <testcase classname="src/app/core/services/clientes-service.spec.ts" name="ClientesService &gt; should be created" time="0.0021956">
        </testcase>
    </testsuite>
    <testsuite name="src/app/core/services/gestionweb-service.spec.ts" timestamp="2026-07-02T12:03:07.203Z" hostname="JohnCh-Lenovo" tests="1" failures="0" errors="0" skipped="0" time="0.0051664">
        <testcase classname="src/app/core/services/gestionweb-service.spec.ts" name="GestionwebService &gt; should be created" time="0.004661">
        </testcase>
    </testsuite>
    <testsuite name="src/app/core/services/inventario-service.spec.ts" timestamp="2026-07-02T12:03:07.204Z" hostname="JohnCh-Lenovo" tests="1" failures="0" errors="0" skipped="0" time="0.0033277">
        <testcase classname="src/app/core/services/inventario-service.spec.ts" name="InventarioService &gt; should be created" time="0.0031947">
        </testcase>
    </testsuite>
    <testsuite name="src/app/core/services/loader-service.spec.ts" timestamp="2026-07-02T12:03:07.205Z" hostname="JohnCh-Lenovo" tests="1" failures="0" errors="0" skipped="0" time="0.0027177">
        <testcase classname="src/app/core/services/loader-service.spec.ts" name="LoaderService &gt; should be created" time="0.0026046">
        </testcase>
    </testsuite>
    <testsuite name="src/app/core/services/perfil-service.spec.ts" timestamp="2026-07-02T12:03:07.206Z" hostname="JohnCh-Lenovo" tests="1" failures="0" errors="0" skipped="0" time="0.0038592">
        <testcase classname="src/app/core/services/perfil-service.spec.ts" name="PerfilService &gt; should be created" time="0.0034855">
        </testcase>
    </testsuite>
    <testsuite name="src/app/core/services/producto-service.spec.ts" timestamp="2026-07-02T12:03:07.206Z" hostname="JohnCh-Lenovo" tests="1" failures="0" errors="0" skipped="0" time="0.0044173">
        <testcase classname="src/app/core/services/producto-service.spec.ts" name="ProductoService &gt; should be created" time="0.0042094">
        </testcase>
    </testsuite>
    <testsuite name="src/app/core/services/proveedores-service.spec.ts" timestamp="2026-07-02T12:03:07.207Z" hostname="JohnCh-Lenovo" tests="1" failures="0" errors="0" skipped="0" time="0.0053009">
        <testcase classname="src/app/core/services/proveedores-service.spec.ts" name="ProveedoresService &gt; should be created" time="0.0050739">
        </testcase>
    </testsuite>
    <testsuite name="src/app/core/services/usuario-service.spec.ts" timestamp="2026-07-02T12:03:07.208Z" hostname="JohnCh-Lenovo" tests="1" failures="0" errors="0" skipped="0" time="0.0026673">
        <testcase classname="src/app/core/services/usuario-service.spec.ts" name="UsuarioService &gt; should be created" time="0.0025223">
        </testcase>
    </testsuite>
    <testsuite name="src/app/core/services/utilidades-service.spec.ts" timestamp="2026-07-02T12:03:07.208Z" hostname="JohnCh-Lenovo" tests="1" failures="0" errors="0" skipped="0" time="0.0029353">
        <testcase classname="src/app/core/services/utilidades-service.spec.ts" name="UtilidadesService &gt; should be created" time="0.0027995">
        </testcase>
    </testsuite>
    <testsuite name="src/app/core/services/ventas-service.spec.ts" timestamp="2026-07-02T12:03:07.209Z" hostname="JohnCh-Lenovo" tests="1" failures="0" errors="0" skipped="0" time="0.0034326">
        <testcase classname="src/app/core/services/ventas-service.spec.ts" name="VentasService &gt; should be created" time="0.0033229">
        </testcase>
    </testsuite>
    <testsuite name="src/app/shared/pipes/sanitize-html.spec.ts" timestamp="2026-07-02T12:03:07.209Z" hostname="JohnCh-Lenovo" tests="8" failures="0" errors="0" skipped="0" time="0.0423477">
        <testcase classname="src/app/shared/pipes/sanitize-html.spec.ts" name="HTML Sanitization - XSS Prevention &gt; Script Tag Injection &gt; should sanitize innerHTML with script tags" time="0.0046964">
        </testcase>
        <testcase classname="src/app/shared/pipes/sanitize-html.spec.ts" name="HTML Sanitization - XSS Prevention &gt; Script Tag Injection &gt; should sanitize img tag with onerror handler" time="0.0031849">
        </testcase>
        <testcase classname="src/app/shared/pipes/sanitize-html.spec.ts" name="HTML Sanitization - XSS Prevention &gt; Script Tag Injection &gt; should sanitize anchor with javascript: URI" time="0.0031609">
            <system-err>
WARNING: sanitizing unsafe URL value &lt;a href=&quot;javascript:alert(1)&quot;&gt;Click&lt;/a&gt; (see https://angular.dev/best-practices/security#preventing-cross-site-scripting-xss)

            </system-err>
        </testcase>
        <testcase classname="src/app/shared/pipes/sanitize-html.spec.ts" name="HTML Sanitization - XSS Prevention &gt; bypassSecurityTrustHtml &gt; bypassing sanitization should still mark content as safe" time="0.0038014">
        </testcase>
        <testcase classname="src/app/shared/pipes/sanitize-html.spec.ts" name="HTML Sanitization - XSS Prevention &gt; Safe HTML Preservation &gt; should keep safe HTML tags when sanitized" time="0.0024337">
        </testcase>
        <testcase classname="src/app/shared/pipes/sanitize-html.spec.ts" name="HTML Sanitization - XSS Prevention &gt; URL Sanitization &gt; should sanitize javascript: URLs" time="0.0076009">
        </testcase>
        <testcase classname="src/app/shared/pipes/sanitize-html.spec.ts" name="HTML Sanitization - XSS Prevention &gt; URL Sanitization &gt; should allow safe https URLs" time="0.003241">
        </testcase>
        <testcase classname="src/app/shared/pipes/sanitize-html.spec.ts" name="HTML Sanitization - XSS Prevention &gt; URL Sanitization &gt; should sanitize data: URLs with HTML" time="0.0133498">
        </testcase>
    </testsuite>
    <testsuite name="src/app/features/admin/clientes-component/clientes-component.spec.ts" timestamp="2026-07-02T12:03:07.211Z" hostname="JohnCh-Lenovo" tests="1" failures="0" errors="0" skipped="0" time="1.2664824">
        <testcase classname="src/app/features/admin/clientes-component/clientes-component.spec.ts" name="ClientesComponent &gt; should create" time="1.2644139">
            <system-err>
HttpErrorResponse {
  headers: HttpHeaders {
    headers: Map(0) {},
    normalizedNames: Map(0) {},
    lazyInit: [90mundefined[39m,
    lazyUpdate: [1mnull[22m
  },
  status: [33m0[39m,
  statusText: [32m&apos;Unknown Error&apos;[39m,
  url: [32m&apos;http://localhost:8080/clientes/api/listar&apos;[39m,
  ok: [33mfalse[39m,
  type: [90mundefined[39m,
  redirected: [90mundefined[39m,
  responseType: [90mundefined[39m,
  name: [32m&apos;HttpErrorResponse&apos;[39m,
  message: [32m&apos;Http failure response for http://localhost:8080/clientes/api/listar: 0 Unknown Error&apos;[39m,
  error: ProgressEvent { isTrusted: [36m[Getter][39m }
}

            </system-err>
        </testcase>
    </testsuite>
    <testsuite name="src/app/features/admin/categoria-component/categoria-component.spec.ts" timestamp="2026-07-02T12:03:07.212Z" hostname="JohnCh-Lenovo" tests="1" failures="0" errors="0" skipped="0" time="1.0158046">
        <testcase classname="src/app/features/admin/categoria-component/categoria-component.spec.ts" name="CategoriaComponent &gt; should create" time="1.0131891">
            <system-err>
HttpErrorResponse {
  headers: HttpHeaders {
    headers: Map(0) {},
    normalizedNames: Map(0) {},
    lazyInit: [90mundefined[39m,
    lazyUpdate: [1mnull[22m
  },
  status: [33m0[39m,
  statusText: [32m&apos;Unknown Error&apos;[39m,
  url: [32m&apos;http://localhost:8080/categorias/api/listar&apos;[39m,
  ok: [33mfalse[39m,
  type: [90mundefined[39m,
  redirected: [90mundefined[39m,
  responseType: [90mundefined[39m,
  name: [32m&apos;HttpErrorResponse&apos;[39m,
  message: [32m&apos;Http failure response for http://localhost:8080/categorias/api/listar: 0 Unknown Error&apos;[39m,
  error: ProgressEvent { isTrusted: [36m[Getter][39m }
}

            </system-err>
        </testcase>
    </testsuite>
    <testsuite name="src/app/features/admin/dashboard-component/dashboard-component.spec.ts" timestamp="2026-07-02T12:03:07.213Z" hostname="JohnCh-Lenovo" tests="1" failures="0" errors="0" skipped="0" time="0.0274118">
        <testcase classname="src/app/features/admin/dashboard-component/dashboard-component.spec.ts" name="DashboardComponent &gt; should create" time="0.0271703">
            <system-err>
Error al cargar dashboard: HttpErrorResponse {
  headers: HttpHeaders {
    headers: Map(0) {},
    normalizedNames: Map(0) {},
    lazyInit: [90mundefined[39m,
    lazyUpdate: [1mnull[22m
  },
  status: [33m0[39m,
  statusText: [32m&apos;Unknown Error&apos;[39m,
  url: [32m&apos;http://localhost:8080/dashboard/api/resumen&apos;[39m,
  ok: [33mfalse[39m,
  type: [90mundefined[39m,
  redirected: [90mundefined[39m,
  responseType: [90mundefined[39m,
  name: [32m&apos;HttpErrorResponse&apos;[39m,
  message: [32m&apos;Http failure response for http://localhost:8080/dashboard/api/resumen: 0 Unknown Error&apos;[39m,
  error: ProgressEvent { isTrusted: [36m[Getter][39m }
}

            </system-err>
        </testcase>
    </testsuite>
    <testsuite name="src/app/features/admin/dashboard-layout/dashboard-layout.spec.ts" timestamp="2026-07-02T12:03:07.215Z" hostname="JohnCh-Lenovo" tests="1" failures="0" errors="0" skipped="0" time="0.0209754">
        <testcase classname="src/app/features/admin/dashboard-layout/dashboard-layout.spec.ts" name="DashboardLayout &gt; should create" time="0.0208383">
        </testcase>
    </testsuite>
    <testsuite name="src/app/features/admin/inventario-component/inventario-component.spec.ts" timestamp="2026-07-02T12:03:07.216Z" hostname="JohnCh-Lenovo" tests="1" failures="0" errors="0" skipped="0" time="1.0533755">
        <testcase classname="src/app/features/admin/inventario-component/inventario-component.spec.ts" name="InventarioComponent &gt; should create" time="1.0433573">
            <system-err>
HttpErrorResponse {
  headers: HttpHeaders {
    headers: Map(0) {},
    normalizedNames: Map(0) {},
    lazyInit: [90mundefined[39m,
    lazyUpdate: [1mnull[22m
  },
  status: [33m0[39m,
  statusText: [32m&apos;Unknown Error&apos;[39m,
  url: [32m&apos;http://localhost:8080/inventario/api/tipoMovimientos&apos;[39m,
  ok: [33mfalse[39m,
  type: [90mundefined[39m,
  redirected: [90mundefined[39m,
  responseType: [90mundefined[39m,
  name: [32m&apos;HttpErrorResponse&apos;[39m,
  message: [32m&apos;Http failure response for http://localhost:8080/inventario/api/tipoMovimientos: 0 Unknown Error&apos;[39m,
  error: ProgressEvent { isTrusted: [36m[Getter][39m }
}

HttpErrorResponse {
  headers: HttpHeaders {
    headers: Map(0) {},
    normalizedNames: Map(0) {},
    lazyInit: [90mundefined[39m,
    lazyUpdate: [1mnull[22m
  },
  status: [33m0[39m,
  statusText: [32m&apos;Unknown Error&apos;[39m,
  url: [32m&apos;http://localhost:8080/inventario/api/listar&apos;[39m,
  ok: [33mfalse[39m,
  type: [90mundefined[39m,
  redirected: [90mundefined[39m,
  responseType: [90mundefined[39m,
  name: [32m&apos;HttpErrorResponse&apos;[39m,
  message: [32m&apos;Http failure response for http://localhost:8080/inventario/api/listar: 0 Unknown Error&apos;[39m,
  error: ProgressEvent { isTrusted: [36m[Getter][39m }
}

            </system-err>
        </testcase>
    </testsuite>
    <testsuite name="src/app/features/admin/perfiles-component/perfiles-component.spec.ts" timestamp="2026-07-02T12:03:07.217Z" hostname="JohnCh-Lenovo" tests="1" failures="0" errors="0" skipped="0" time="0.3515557">
        <testcase classname="src/app/features/admin/perfiles-component/perfiles-component.spec.ts" name="PerfilesComponent &gt; should create" time="0.3513065">
            <system-err>
HttpErrorResponse {
  headers: HttpHeaders {
    headers: Map(0) {},
    normalizedNames: Map(0) {},
    lazyInit: [90mundefined[39m,
    lazyUpdate: [1mnull[22m
  },
  status: [33m0[39m,
  statusText: [32m&apos;Unknown Error&apos;[39m,
  url: [32m&apos;http://localhost:8080/perfiles/api/listar&apos;[39m,
  ok: [33mfalse[39m,
  type: [90mundefined[39m,
  redirected: [90mundefined[39m,
  responseType: [90mundefined[39m,
  name: [32m&apos;HttpErrorResponse&apos;[39m,
  message: [32m&apos;Http failure response for http://localhost:8080/perfiles/api/listar: 0 Unknown Error&apos;[39m,
  error: ProgressEvent { isTrusted: [36m[Getter][39m }
}

            </system-err>
        </testcase>
    </testsuite>
    <testsuite name="src/app/features/admin/productos-component/productos-component.spec.ts" timestamp="2026-07-02T12:03:07.218Z" hostname="JohnCh-Lenovo" tests="1" failures="0" errors="0" skipped="0" time="1.2125004">
        <testcase classname="src/app/features/admin/productos-component/productos-component.spec.ts" name="ProductosComponent - XSS Prevention &gt; should create" time="1.2101053">
        </testcase>
    </testsuite>
    <testsuite name="src/app/features/admin/proveedores-component/proveedores-component.spec.ts" timestamp="2026-07-02T12:03:07.219Z" hostname="JohnCh-Lenovo" tests="1" failures="0" errors="0" skipped="0" time="1.0928799">
        <testcase classname="src/app/features/admin/proveedores-component/proveedores-component.spec.ts" name="ProveedoresComponent &gt; should create" time="1.0908642">
            <system-err>
HttpErrorResponse {
  headers: HttpHeaders {
    headers: Map(0) {},
    normalizedNames: Map(0) {},
    lazyInit: [90mundefined[39m,
    lazyUpdate: [1mnull[22m
  },
  status: [33m0[39m,
  statusText: [32m&apos;Unknown Error&apos;[39m,
  url: [32m&apos;http://localhost:8080/proveedores/api/listar&apos;[39m,
  ok: [33mfalse[39m,
  type: [90mundefined[39m,
  redirected: [90mundefined[39m,
  responseType: [90mundefined[39m,
  name: [32m&apos;HttpErrorResponse&apos;[39m,
  message: [32m&apos;Http failure response for http://localhost:8080/proveedores/api/listar: 0 Unknown Error&apos;[39m,
  error: ProgressEvent { isTrusted: [36m[Getter][39m }
}

            </system-err>
        </testcase>
    </testsuite>
    <testsuite name="src/app/features/admin/usuario-component/usuario-component.spec.ts" timestamp="2026-07-02T12:03:07.220Z" hostname="JohnCh-Lenovo" tests="1" failures="0" errors="0" skipped="0" time="1.1378124">
        <testcase classname="src/app/features/admin/usuario-component/usuario-component.spec.ts" name="UsuarioComponent &gt; should create" time="1.1354352">
            <system-err>
HttpErrorResponse {
  headers: HttpHeaders {
    headers: Map(0) {},
    normalizedNames: Map(0) {},
    lazyInit: [90mundefined[39m,
    lazyUpdate: [1mnull[22m
  },
  status: [33m0[39m,
  statusText: [32m&apos;Unknown Error&apos;[39m,
  url: [32m&apos;http://localhost:8080/usuarios/api/listar&apos;[39m,
  ok: [33mfalse[39m,
  type: [90mundefined[39m,
  redirected: [90mundefined[39m,
  responseType: [90mundefined[39m,
  name: [32m&apos;HttpErrorResponse&apos;[39m,
  message: [32m&apos;Http failure response for http://localhost:8080/usuarios/api/listar: 0 Unknown Error&apos;[39m,
  error: ProgressEvent { isTrusted: [36m[Getter][39m }
}

            </system-err>
        </testcase>
    </testsuite>
    <testsuite name="src/app/features/admin/utilidades-component/utilidades-component.spec.ts" timestamp="2026-07-02T12:03:07.221Z" hostname="JohnCh-Lenovo" tests="1" failures="0" errors="0" skipped="0" time="0.1717313">
        <testcase classname="src/app/features/admin/utilidades-component/utilidades-component.spec.ts" name="UtilidadesComponent &gt; should create" time="0.1710792">
            <system-err>
Failed to create chart: can&apos;t acquire context from the given item

HttpErrorResponse {
  headers: HttpHeaders {
    headers: Map(0) {},
    normalizedNames: Map(0) {},
    lazyInit: [90mundefined[39m,
    lazyUpdate: [1mnull[22m
  },
  status: [33m0[39m,
  statusText: [32m&apos;Unknown Error&apos;[39m,
  url: [32m&apos;http://localhost:8080/reportes/api/utilidad-ventas&apos;[39m,
  ok: [33mfalse[39m,
  type: [90mundefined[39m,
  redirected: [90mundefined[39m,
  responseType: [90mundefined[39m,
  name: [32m&apos;HttpErrorResponse&apos;[39m,
  message: [32m&apos;Http failure response for http://localhost:8080/reportes/api/utilidad-ventas: 0 Unknown Error&apos;[39m,
  error: ProgressEvent { isTrusted: [36m[Getter][39m }
}

HttpErrorResponse {
  headers: HttpHeaders {
    headers: Map(0) {},
    normalizedNames: Map(0) {},
    lazyInit: [90mundefined[39m,
    lazyUpdate: [1mnull[22m
  },
  status: [33m0[39m,
  statusText: [32m&apos;Unknown Error&apos;[39m,
  url: [32m&apos;http://localhost:8080/reportes/api/utilidad-usuarios&apos;[39m,
  ok: [33mfalse[39m,
  type: [90mundefined[39m,
  redirected: [90mundefined[39m,
  responseType: [90mundefined[39m,
  name: [32m&apos;HttpErrorResponse&apos;[39m,
  message: [32m&apos;Http failure response for http://localhost:8080/reportes/api/utilidad-usuarios: 0 Unknown Error&apos;[39m,
  error: ProgressEvent { isTrusted: [36m[Getter][39m }
}

HttpErrorResponse {
  headers: HttpHeaders {
    headers: Map(0) {},
    normalizedNames: Map(0) {},
    lazyInit: [90mundefined[39m,
    lazyUpdate: [1mnull[22m
  },
  status: [33m0[39m,
  statusText: [32m&apos;Unknown Error&apos;[39m,
  url: [32m&apos;http://localhost:8080/reportes/api/utilidad-producto&apos;[39m,
  ok: [33mfalse[39m,
  type: [90mundefined[39m,
  redirected: [90mundefined[39m,
  responseType: [90mundefined[39m,
  name: [32m&apos;HttpErrorResponse&apos;[39m,
  message: [32m&apos;Http failure response for http://localhost:8080/reportes/api/utilidad-producto: 0 Unknown Error&apos;[39m,
  error: ProgressEvent { isTrusted: [36m[Getter][39m }
}

            </system-err>
        </testcase>
    </testsuite>
    <testsuite name="src/app/features/admin/ventas-component/ventas-component.spec.ts" timestamp="2026-07-02T12:03:07.222Z" hostname="JohnCh-Lenovo" tests="1" failures="0" errors="0" skipped="0" time="1.1160087">
        <testcase classname="src/app/features/admin/ventas-component/ventas-component.spec.ts" name="VentasComponent &gt; should create" time="1.1132722">
            <system-err>
HttpErrorResponse {
  headers: HttpHeaders {
    headers: Map(0) {},
    normalizedNames: Map(0) {},
    lazyInit: [90mundefined[39m,
    lazyUpdate: [1mnull[22m
  },
  status: [33m0[39m,
  statusText: [32m&apos;Unknown Error&apos;[39m,
  url: [32m&apos;http://localhost:8080/ventas/api/listar&apos;[39m,
  ok: [33mfalse[39m,
  type: [90mundefined[39m,
  redirected: [90mundefined[39m,
  responseType: [90mundefined[39m,
  name: [32m&apos;HttpErrorResponse&apos;[39m,
  message: [32m&apos;Http failure response for http://localhost:8080/ventas/api/listar: 0 Unknown Error&apos;[39m,
  error: ProgressEvent { isTrusted: [36m[Getter][39m }
}

HttpErrorResponse {
  headers: HttpHeaders {
    headers: Map(0) {},
    normalizedNames: Map(0) {},
    lazyInit: [90mundefined[39m,
    lazyUpdate: [1mnull[22m
  },
  status: [33m0[39m,
  statusText: [32m&apos;Unknown Error&apos;[39m,
  url: [32m&apos;http://localhost:8080/ventas/api/formaPago&apos;[39m,
  ok: [33mfalse[39m,
  type: [90mundefined[39m,
  redirected: [90mundefined[39m,
  responseType: [90mundefined[39m,
  name: [32m&apos;HttpErrorResponse&apos;[39m,
  message: [32m&apos;Http failure response for http://localhost:8080/ventas/api/formaPago: 0 Unknown Error&apos;[39m,
  error: ProgressEvent { isTrusted: [36m[Getter][39m }
}

HttpErrorResponse {
  headers: HttpHeaders {
    headers: Map(0) {},
    normalizedNames: Map(0) {},
    lazyInit: [90mundefined[39m,
    lazyUpdate: [1mnull[22m
  },
  status: [33m0[39m,
  statusText: [32m&apos;Unknown Error&apos;[39m,
  url: [32m&apos;http://localhost:8080/ventas/api/serieComprobante&apos;[39m,
  ok: [33mfalse[39m,
  type: [90mundefined[39m,
  redirected: [90mundefined[39m,
  responseType: [90mundefined[39m,
  name: [32m&apos;HttpErrorResponse&apos;[39m,
  message: [32m&apos;Http failure response for http://localhost:8080/ventas/api/serieComprobante: 0 Unknown Error&apos;[39m,
  error: ProgressEvent { isTrusted: [36m[Getter][39m }
}

HttpErrorResponse {
  headers: HttpHeaders {
    headers: Map(0) {},
    normalizedNames: Map(0) {},
    lazyInit: [90mundefined[39m,
    lazyUpdate: [1mnull[22m
  },
  status: [33m0[39m,
  statusText: [32m&apos;Unknown Error&apos;[39m,
  url: [32m&apos;http://localhost:8080/productos/api/listar&apos;[39m,
  ok: [33mfalse[39m,
  type: [90mundefined[39m,
  redirected: [90mundefined[39m,
  responseType: [90mundefined[39m,
  name: [32m&apos;HttpErrorResponse&apos;[39m,
  message: [32m&apos;Http failure response for http://localhost:8080/productos/api/listar: 0 Unknown Error&apos;[39m,
  error: ProgressEvent { isTrusted: [36m[Getter][39m }
}

            </system-err>
        </testcase>
    </testsuite>
    <testsuite name="src/app/features/admin/web-component/web-component.spec.ts" timestamp="2026-07-02T12:03:07.223Z" hostname="JohnCh-Lenovo" tests="1" failures="0" errors="0" skipped="0" time="0.1092909">
        <testcase classname="src/app/features/admin/web-component/web-component.spec.ts" name="WebComponent &gt; should create" time="0.1090368">
        </testcase>
    </testsuite>
    <testsuite name="src/app/features/auth/login-component/login-component.spec.ts" timestamp="2026-07-02T12:03:07.224Z" hostname="JohnCh-Lenovo" tests="1" failures="0" errors="0" skipped="0" time="0.0466767">
        <testcase classname="src/app/features/auth/login-component/login-component.spec.ts" name="LoginComponent &gt; should create" time="0.04651">
        </testcase>
    </testsuite>
    <testsuite name="src/app/features/home/comentarios-component/comentarios-component.spec.ts" timestamp="2026-07-02T12:03:07.224Z" hostname="JohnCh-Lenovo" tests="9" failures="0" errors="0" skipped="0" time="0.4909628">
        <testcase classname="src/app/features/home/comentarios-component/comentarios-component.spec.ts" name="ComentariosComponent - XSS Prevention &gt; should create" time="0.1164513">
        </testcase>
        <testcase classname="src/app/features/home/comentarios-component/comentarios-component.spec.ts" name="ComentariosComponent - XSS Prevention &gt; Input Validation &gt; should not allow empty name to be submitted" time="0.0446379">
        </testcase>
        <testcase classname="src/app/features/home/comentarios-component/comentarios-component.spec.ts" name="ComentariosComponent - XSS Prevention &gt; Input Validation &gt; should not allow empty message to be submitted" time="0.042205">
        </testcase>
        <testcase classname="src/app/features/home/comentarios-component/comentarios-component.spec.ts" name="ComentariosComponent - XSS Prevention &gt; XSS Prevention - Input Display &gt; should store form values safely without HTML injection" time="0.0382787">
        </testcase>
        <testcase classname="src/app/features/home/comentarios-component/comentarios-component.spec.ts" name="ComentariosComponent - XSS Prevention &gt; XSS Prevention - Input Display &gt; initial extraction from name should ignore HTML" time="0.028728">
        </testcase>
        <testcase classname="src/app/features/home/comentarios-component/comentarios-component.spec.ts" name="ComentariosComponent - XSS Prevention &gt; XSS Prevention - Input Display &gt; should reject empty names in getInitial" time="0.0444597">
        </testcase>
        <testcase classname="src/app/features/home/comentarios-component/comentarios-component.spec.ts" name="ComentariosComponent - XSS Prevention &gt; Image Error Handling &gt; should handle image load errors gracefully" time="0.0453075">
        </testcase>
        <testcase classname="src/app/features/home/comentarios-component/comentarios-component.spec.ts" name="ComentariosComponent - XSS Prevention &gt; Date Formatting &gt; should format dates in Spanish locale" time="0.0607821">
        </testcase>
        <testcase classname="src/app/features/home/comentarios-component/comentarios-component.spec.ts" name="ComentariosComponent - XSS Prevention &gt; Date Formatting &gt; should handle null dates" time="0.0689336">
        </testcase>
    </testsuite>
    <testsuite name="src/app/features/home/contacto-component/contacto-component.spec.ts" timestamp="2026-07-02T12:03:07.227Z" hostname="JohnCh-Lenovo" tests="1" failures="0" errors="0" skipped="0" time="0.0601598">
        <testcase classname="src/app/features/home/contacto-component/contacto-component.spec.ts" name="ContactoComponent &gt; should create" time="0.0599563">
        </testcase>
    </testsuite>
    <testsuite name="src/app/features/home/footer-component/footer-component.spec.ts" timestamp="2026-07-02T12:03:07.228Z" hostname="JohnCh-Lenovo" tests="1" failures="0" errors="0" skipped="0" time="0.0450227">
        <testcase classname="src/app/features/home/footer-component/footer-component.spec.ts" name="FooterComponent &gt; should create" time="0.0447517">
        </testcase>
    </testsuite>
    <testsuite name="src/app/features/home/navbar-component/navbar-component.spec.ts" timestamp="2026-07-02T12:03:07.228Z" hostname="JohnCh-Lenovo" tests="1" failures="0" errors="0" skipped="0" time="0.0174367">
        <testcase classname="src/app/features/home/navbar-component/navbar-component.spec.ts" name="NavbarComponent &gt; should create" time="0.0172339">
        </testcase>
    </testsuite>
    <testsuite name="src/app/features/home/productos-page/productos-page.spec.ts" timestamp="2026-07-02T12:03:07.229Z" hostname="JohnCh-Lenovo" tests="1" failures="0" errors="0" skipped="0" time="0.1500191">
        <testcase classname="src/app/features/home/productos-page/productos-page.spec.ts" name="ProductosPage &gt; should create" time="0.1496241">
        </testcase>
    </testsuite>
    <testsuite name="src/app/features/home/servicios-page/servicios-page.spec.ts" timestamp="2026-07-02T12:03:07.229Z" hostname="JohnCh-Lenovo" tests="1" failures="0" errors="0" skipped="0" time="0.0949205">
        <testcase classname="src/app/features/home/servicios-page/servicios-page.spec.ts" name="ServiciosPage &gt; should create" time="0.0946854">
        </testcase>
    </testsuite>
    <testsuite name="src/app/shared/components/loader-component/loader-component.spec.ts" timestamp="2026-07-02T12:03:07.230Z" hostname="JohnCh-Lenovo" tests="1" failures="0" errors="0" skipped="0" time="0.0221374">
        <testcase classname="src/app/shared/components/loader-component/loader-component.spec.ts" name="LoaderComponent &gt; should create" time="0.0218918">
        </testcase>
    </testsuite>
</testsuites>
